This file contains any messages produced by compilers while
running configure, to aid debugging if configure makes a mistake.

It was created by eCAP Adapter Sample configure 0.2.0, which was
generated by GNU Autoconf 2.69.  Invocation command line was

  $ ./configure 

## --------- ##
## Platform. ##
## --------- ##

hostname = ybr-virtual-machine
uname -m = i686
uname -r = 3.5.0-40-generic
uname -s = Linux
uname -v = #62~precise1-Ubuntu SMP Fri Aug 23 17:59:10 UTC 2013

/usr/bin/uname -p = unknown
/bin/uname -X     = unknown

/bin/arch              = unknown
/usr/bin/arch -k       = unknown
/usr/convex/getsysinfo = unknown
/usr/bin/hostinfo      = unknown
/bin/machine           = unknown
/usr/bin/oslevel       = unknown
/bin/universe          = unknown

PATH: /usr/lib/lightdm/lightdm
PATH: /usr/local/sbin
PATH: /usr/local/bin
PATH: /usr/sbin
PATH: /usr/bin
PATH: /sbin
PATH: /bin
PATH: /usr/games


## ----------- ##
## Core tests. ##
## ----------- ##

configure:2317: checking for a BSD-compatible install
configure:2385: result: /usr/bin/install -c
configure:2396: checking whether build environment is sane
configure:2446: result: yes
configure:2587: checking for a thread-safe mkdir -p
configure:2626: result: /bin/mkdir -p
configure:2639: checking for gawk
configure:2669: result: no
configure:2639: checking for mawk
configure:2655: found /usr/bin/mawk
configure:2666: result: mawk
configure:2677: checking whether make sets $(MAKE)
configure:2699: result: yes
configure:2780: checking whether to enable maintainer-specific portions of Makefiles
configure:2789: result: no
configure:2832: checking build system type
configure:2846: result: i686-pc-linux-gnu
configure:2866: checking host system type
configure:2879: result: i686-pc-linux-gnu
configure:2920: checking how to print strings
configure:2947: result: printf
configure:2980: checking for style of include used by make
configure:3008: result: GNU
configure:3079: checking for gcc
configure:3095: found /usr/bin/gcc
configure:3106: result: gcc
configure:3335: checking for C compiler version
configure:3344: gcc --version >&5
gcc (Ubuntu/Linaro 4.6.3-1ubuntu5) 4.6.3
Copyright (C) 2011 Free Software Foundation, Inc.
This is free software; see the source for copying conditions.  There is NO
warranty; not even for MERCHANTABILITY or FITNESS FOR A PARTICULAR PURPOSE.

configure:3355: $? = 0
configure:3344: gcc -v >&5
Using built-in specs.
COLLECT_GCC=gcc
COLLECT_LTO_WRAPPER=/usr/lib/gcc/i686-linux-gnu/4.6/lto-wrapper
Target: i686-linux-gnu
Configured with: ../src/configure -v --with-pkgversion='Ubuntu/Linaro 4.6.3-1ubuntu5' --with-bugurl=file:///usr/share/doc/gcc-4.6/README.Bugs --enable-languages=c,c++,fortran,objc,obj-c++ --prefix=/usr --program-suffix=-4.6 --enable-shared --enable-linker-build-id --with-system-zlib --libexecdir=/usr/lib --without-included-gettext --enable-threads=posix --with-gxx-include-dir=/usr/include/c++/4.6 --libdir=/usr/lib --enable-nls --with-sysroot=/ --enable-clocale=gnu --enable-libstdcxx-debug --enable-libstdcxx-time=yes --enable-gnu-unique-object --enable-plugin --enable-objc-gc --enable-targets=all --disable-werror --with-arch-32=i686 --with-tune=generic --enable-checking=release --build=i686-linux-gnu --host=i686-linux-gnu --target=i686-linux-gnu
Thread model: posix
gcc version 4.6.3 (Ubuntu/Linaro 4.6.3-1ubuntu5) 
configure:3355: $? = 0
configure:3344: gcc -V >&5
gcc: error: unrecognized option '-V'
gcc: fatal error: no input files
compilation terminated.
configure:3355: $? = 4
configure:3344: gcc -qversion >&5
gcc: error: unrecognized option '-qversion'
gcc: fatal error: no input files
compilation terminated.
configure:3355: $? = 4
configure:3375: checking whether the C compiler works
configure:3397: gcc    conftest.c  >&5
configure:3401: $? = 0
configure:3449: result: yes
configure:3452: checking for C compiler default output file name
configure:3454: result: a.out
configure:3460: checking for suffix of executables
configure:3467: gcc -o conftest    conftest.c  >&5
configure:3471: $? = 0
configure:3493: result: 
configure:3515: checking whether we are cross compiling
configure:3523: gcc -o conftest    conftest.c  >&5
configure:3527: $? = 0
configure:3534: ./conftest
configure:3538: $? = 0
configure:3553: result: no
configure:3558: checking for suffix of object files
configure:3580: gcc -c   conftest.c >&5
configure:3584: $? = 0
configure:3605: result: o
configure:3609: checking whether we are using the GNU C compiler
configure:3628: gcc -c   conftest.c >&5
configure:3628: $? = 0
configure:3637: result: yes
configure:3646: checking whether gcc accepts -g
configure:3666: gcc -c -g  conftest.c >&5
configure:3666: $? = 0
configure:3707: result: yes
configure:3724: checking for gcc option to accept ISO C89
configure:3787: gcc  -c -g -O2  conftest.c >&5
configure:3787: $? = 0
configure:3800: result: none needed
configure:3822: checking dependency style of gcc
configure:3933: result: gcc3
configure:3948: checking for a sed that does not truncate output
configure:4012: result: /bin/sed
configure:4030: checking for grep that handles long lines and -e
configure:4088: result: /bin/grep
configure:4093: checking for egrep
configure:4155: result: /bin/grep -E
configure:4160: checking for fgrep
configure:4222: result: /bin/grep -F
configure:4257: checking for ld used by gcc
configure:4324: result: /usr/bin/ld
configure:4331: checking if the linker (/usr/bin/ld) is GNU ld
configure:4346: result: yes
configure:4358: checking for BSD- or MS-compatible name lister (nm)
configure:4407: result: /usr/bin/nm -B
configure:4537: checking the name lister (/usr/bin/nm -B) interface
configure:4544: gcc -c -g -O2  conftest.c >&5
configure:4547: /usr/bin/nm -B "conftest.o"
configure:4550: output
00000000 B some_variable
configure:4557: result: BSD nm
configure:4560: checking whether ln -s works
configure:4564: result: yes
configure:4572: checking the maximum length of command line arguments
configure:4702: result: 1572864
configure:4719: checking whether the shell understands some XSI constructs
configure:4729: result: yes
configure:4733: checking whether the shell understands "+="
configure:4739: result: yes
configure:4774: checking how to convert i686-pc-linux-gnu file names to i686-pc-linux-gnu format
configure:4814: result: func_convert_file_noop
configure:4821: checking how to convert i686-pc-linux-gnu file names to toolchain format
configure:4841: result: func_convert_file_noop
configure:4848: checking for /usr/bin/ld option to reload object files
configure:4855: result: -r
configure:4929: checking for objdump
configure:4945: found /usr/bin/objdump
configure:4956: result: objdump
configure:4988: checking how to recognize dependent libraries
configure:5190: result: pass_all
configure:5275: checking for dlltool
configure:5305: result: no
configure:5335: checking how to associate runtime and link libraries
configure:5362: result: printf %s\n
configure:5423: checking for ar
configure:5439: found /usr/bin/ar
configure:5450: result: ar
configure:5487: checking for archiver @FILE support
configure:5504: gcc -c -g -O2  conftest.c >&5
configure:5504: $? = 0
configure:5507: ar cru libconftest.a @conftest.lst >&5
configure:5510: $? = 0
configure:5515: ar cru libconftest.a @conftest.lst >&5
ar: conftest.o: No such file or directory
configure:5518: $? = 1
configure:5530: result: @
configure:5588: checking for strip
configure:5604: found /usr/bin/strip
configure:5615: result: strip
configure:5687: checking for ranlib
configure:5703: found /usr/bin/ranlib
configure:5714: result: ranlib
configure:5816: checking command to parse /usr/bin/nm -B output from gcc object
configure:5936: gcc -c -g -O2  conftest.c >&5
configure:5939: $? = 0
configure:5943: /usr/bin/nm -B conftest.o \| sed -n -e 's/^.*[ ]\([ABCDGIRSTW][ABCDGIRSTW]*\)[ ][ ]*\([_A-Za-z][_A-Za-z0-9]*\)$/\1 \2 \2/p' | sed '/ __gnu_lto/d' \> conftest.nm
configure:5946: $? = 0
configure:6012: gcc -o conftest -g -O2   conftest.c conftstm.o >&5
configure:6015: $? = 0
configure:6053: result: ok
configure:6090: checking for sysroot
configure:6120: result: no
configure:6376: checking for mt
configure:6392: found /bin/mt
configure:6403: result: mt
configure:6426: checking if mt is a manifest tool
configure:6432: mt '-?'
configure:6440: result: no
configure:7082: checking how to run the C preprocessor
configure:7113: gcc -E  conftest.c
configure:7113: $? = 0
configure:7127: gcc -E  conftest.c
conftest.c:11:28: fatal error: ac_nonexistent.h: No such file or directory
compilation terminated.
configure:7127: $? = 1
configure: failed program was:
| /* confdefs.h */
| #define PACKAGE_NAME "eCAP Adapter Sample"
| #define PACKAGE_TARNAME "ecap_adapter_sample"
| #define PACKAGE_VERSION "0.2.0"
| #define PACKAGE_STRING "eCAP Adapter Sample 0.2.0"
| #define PACKAGE_BUGREPORT ""
| #define PACKAGE_URL ""
| #define PACKAGE "ecap_adapter_sample"
| #define VERSION "0.2.0"
| /* end confdefs.h.  */
| #include <ac_nonexistent.h>
configure:7152: result: gcc -E
configure:7172: gcc -E  conftest.c
configure:7172: $? = 0
configure:7186: gcc -E  conftest.c
conftest.c:11:28: fatal error: ac_nonexistent.h: No such file or directory
compilation terminated.
configure:7186: $? = 1
configure: failed program was:
| /* confdefs.h */
| #define PACKAGE_NAME "eCAP Adapter Sample"
| #define PACKAGE_TARNAME "ecap_adapter_sample"
| #define PACKAGE_VERSION "0.2.0"
| #define PACKAGE_STRING "eCAP Adapter Sample 0.2.0"
| #define PACKAGE_BUGREPORT ""
| #define PACKAGE_URL ""
| #define PACKAGE "ecap_adapter_sample"
| #define VERSION "0.2.0"
| /* end confdefs.h.  */
| #include <ac_nonexistent.h>
configure:7215: checking for ANSI C header files
configure:7235: gcc -c -g -O2  conftest.c >&5
configure:7235: $? = 0
configure:7308: gcc -o conftest -g -O2   conftest.c  >&5
configure:7308: $? = 0
configure:7308: ./conftest
configure:7308: $? = 0
configure:7319: result: yes
configure:7332: checking for sys/types.h
configure:7332: gcc -c -g -O2  conftest.c >&5
configure:7332: $? = 0
configure:7332: result: yes
configure:7332: checking for sys/stat.h
configure:7332: gcc -c -g -O2  conftest.c >&5
configure:7332: $? = 0
configure:7332: result: yes
configure:7332: checking for stdlib.h
configure:7332: gcc -c -g -O2  conftest.c >&5
configure:7332: $? = 0
configure:7332: result: yes
configure:7332: checking for string.h
configure:7332: gcc -c -g -O2  conftest.c >&5
configure:7332: $? = 0
configure:7332: result: yes
configure:7332: checking for memory.h
configure:7332: gcc -c -g -O2  conftest.c >&5
configure:7332: $? = 0
configure:7332: result: yes
configure:7332: checking for strings.h
configure:7332: gcc -c -g -O2  conftest.c >&5
configure:7332: $? = 0
configure:7332: result: yes
configure:7332: checking for inttypes.h
configure:7332: gcc -c -g -O2  conftest.c >&5
configure:7332: $? = 0
configure:7332: result: yes
configure:7332: checking for stdint.h
configure:7332: gcc -c -g -O2  conftest.c >&5
configure:7332: $? = 0
configure:7332: result: yes
configure:7332: checking for unistd.h
configure:7332: gcc -c -g -O2  conftest.c >&5
configure:7332: $? = 0
configure:7332: result: yes
configure:7346: checking for dlfcn.h
configure:7346: gcc -c -g -O2  conftest.c >&5
configure:7346: $? = 0
configure:7346: result: yes
configure:7552: checking for objdir
configure:7567: result: .libs
configure:7838: checking if gcc supports -fno-rtti -fno-exceptions
configure:7856: gcc -c -g -O2  -fno-rtti -fno-exceptions conftest.c >&5
cc1: warning: command line option '-fno-rtti' is valid for C++/ObjC++ but not for C [enabled by default]
configure:7860: $? = 0
configure:7873: result: no
configure:8200: checking for gcc option to produce PIC
configure:8207: result: -fPIC -DPIC
configure:8215: checking if gcc PIC flag -fPIC -DPIC works
configure:8233: gcc -c -g -O2  -fPIC -DPIC -DPIC conftest.c >&5
configure:8237: $? = 0
configure:8250: result: yes
configure:8279: checking if gcc static flag -static works
configure:8307: result: yes
configure:8322: checking if gcc supports -c -o file.o
configure:8343: gcc -c -g -O2  -o out/conftest2.o conftest.c >&5
configure:8347: $? = 0
configure:8369: result: yes
configure:8377: checking if gcc supports -c -o file.o
configure:8424: result: yes
configure:8457: checking whether the gcc linker (/usr/bin/ld) supports shared libraries
configure:9614: result: yes
configure:9651: checking whether -lc should be explicitly linked in
configure:9659: gcc -c -g -O2  conftest.c >&5
configure:9662: $? = 0
configure:9677: gcc -shared  -fPIC -DPIC conftest.o  -v -Wl,-soname -Wl,conftest -o conftest 2\>\&1 \| /bin/grep  -lc  \>/dev/null 2\>\&1
configure:9680: $? = 0
configure:9694: result: no
configure:9854: checking dynamic linker characteristics
configure:10365: gcc -o conftest -g -O2   -Wl,-rpath -Wl,/foo conftest.c  >&5
configure:10365: $? = 0
configure:10599: result: GNU/Linux ld.so
configure:10706: checking how to hardcode library paths into programs
configure:10731: result: immediate
configure:11271: checking whether stripping libraries is possible
configure:11276: result: yes
configure:11311: checking if libtool supports shared libraries
configure:11313: result: yes
configure:11316: checking whether to build shared libraries
configure:11337: result: yes
configure:11340: checking whether to build static libraries
configure:11344: result: yes
configure:11434: checking for ranlib
configure:11461: result: ranlib
configure:11485: checking for ar
configure:11503: found /usr/bin/ar
configure:11516: result: /usr/bin/ar
configure:11541: checking whether make sets $(MAKE)
configure:11563: result: yes
configure:11642: checking for g++
configure:11658: found /usr/bin/g++
configure:11669: result: g++
configure:11696: checking for C++ compiler version
configure:11705: g++ --version >&5
g++ (Ubuntu/Linaro 4.7.3-2ubuntu1~12.04) 4.7.3
Copyright (C) 2012 Free Software Foundation, Inc.
This is free software; see the source for copying conditions.  There is NO
warranty; not even for MERCHANTABILITY or FITNESS FOR A PARTICULAR PURPOSE.

configure:11716: $? = 0
configure:11705: g++ -v >&5
Using built-in specs.
COLLECT_GCC=g++
COLLECT_LTO_WRAPPER=/usr/lib/gcc/i686-linux-gnu/4.7/lto-wrapper
Target: i686-linux-gnu
Configured with: ../src/configure -v --with-pkgversion='Ubuntu/Linaro 4.7.3-2ubuntu1~12.04' --with-bugurl=file:///usr/share/doc/gcc-4.7/README.Bugs --enable-languages=c,c++,go,fortran,objc,obj-c++ --prefix=/usr --program-suffix=-4.7 --enable-shared --enable-linker-build-id --libexecdir=/usr/lib --without-included-gettext --enable-threads=posix --with-gxx-include-dir=/usr/include/c++/4.7 --libdir=/usr/lib --enable-nls --with-sysroot=/ --enable-clocale=gnu --enable-libstdcxx-debug --enable-libstdcxx-time=yes --enable-gnu-unique-object --enable-plugin --with-system-zlib --enable-objc-gc --enable-targets=all --enable-multiarch --disable-werror --with-arch-32=i686 --with-multilib-list=m32,m64 --with-tune=generic --enable-checking=release --build=i686-linux-gnu --host=i686-linux-gnu --target=i686-linux-gnu
Thread model: posix
gcc version 4.7.3 (Ubuntu/Linaro 4.7.3-2ubuntu1~12.04) 
configure:11716: $? = 0
configure:11705: g++ -V >&5
g++: error: unrecognized command line option '-V'
g++: fatal error: no input files
compilation terminated.
configure:11716: $? = 4
configure:11705: g++ -qversion >&5
g++: error: unrecognized command line option '-qversion'
g++: fatal error: no input files
compilation terminated.
configure:11716: $? = 4
configure:11720: checking whether we are using the GNU C++ compiler
configure:11739: g++ -c   conftest.cpp >&5
configure:11739: $? = 0
configure:11748: result: yes
configure:11757: checking whether g++ accepts -g
configure:11777: g++ -c -g  conftest.cpp >&5
configure:11777: $? = 0
configure:11818: result: yes
configure:11843: checking dependency style of g++
configure:11954: result: gcc3
configure:11987: checking how to run the C++ preprocessor
configure:12014: g++ -E  conftest.cpp
configure:12014: $? = 0
configure:12028: g++ -E  conftest.cpp
conftest.cpp:25:28: fatal error: ac_nonexistent.h: No such file or directory
compilation terminated.
configure:12028: $? = 1
configure: failed program was:
| /* confdefs.h */
| #define PACKAGE_NAME "eCAP Adapter Sample"
| #define PACKAGE_TARNAME "ecap_adapter_sample"
| #define PACKAGE_VERSION "0.2.0"
| #define PACKAGE_STRING "eCAP Adapter Sample 0.2.0"
| #define PACKAGE_BUGREPORT ""
| #define PACKAGE_URL ""
| #define PACKAGE "ecap_adapter_sample"
| #define VERSION "0.2.0"
| #define STDC_HEADERS 1
| #define HAVE_SYS_TYPES_H 1
| #define HAVE_SYS_STAT_H 1
| #define HAVE_STDLIB_H 1
| #define HAVE_STRING_H 1
| #define HAVE_MEMORY_H 1
| #define HAVE_STRINGS_H 1
| #define HAVE_INTTYPES_H 1
| #define HAVE_STDINT_H 1
| #define HAVE_UNISTD_H 1
| #define HAVE_DLFCN_H 1
| #define LT_OBJDIR ".libs/"
| #define CONFIG_HOST_TYPE "i686-pc-linux-gnu"
| #define INSTALL_PREFIX "/usr/local"
| /* end confdefs.h.  */
| #include <ac_nonexistent.h>
configure:12053: result: g++ -E
configure:12073: g++ -E  conftest.cpp
configure:12073: $? = 0
configure:12087: g++ -E  conftest.cpp
conftest.cpp:25:28: fatal error: ac_nonexistent.h: No such file or directory
compilation terminated.
configure:12087: $? = 1
configure: failed program was:
| /* confdefs.h */
| #define PACKAGE_NAME "eCAP Adapter Sample"
| #define PACKAGE_TARNAME "ecap_adapter_sample"
| #define PACKAGE_VERSION "0.2.0"
| #define PACKAGE_STRING "eCAP Adapter Sample 0.2.0"
| #define PACKAGE_BUGREPORT ""
| #define PACKAGE_URL ""
| #define PACKAGE "ecap_adapter_sample"
| #define VERSION "0.2.0"
| #define STDC_HEADERS 1
| #define HAVE_SYS_TYPES_H 1
| #define HAVE_SYS_STAT_H 1
| #define HAVE_STDLIB_H 1
| #define HAVE_STRING_H 1
| #define HAVE_MEMORY_H 1
| #define HAVE_STRINGS_H 1
| #define HAVE_INTTYPES_H 1
| #define HAVE_STDINT_H 1
| #define HAVE_UNISTD_H 1
| #define HAVE_DLFCN_H 1
| #define LT_OBJDIR ".libs/"
| #define CONFIG_HOST_TYPE "i686-pc-linux-gnu"
| #define INSTALL_PREFIX "/usr/local"
| /* end confdefs.h.  */
| #include <ac_nonexistent.h>
configure:12256: checking for ld used by g++
configure:12323: result: /usr/bin/ld
configure:12330: checking if the linker (/usr/bin/ld) is GNU ld
configure:12345: result: yes
configure:12400: checking whether the g++ linker (/usr/bin/ld) supports shared libraries
configure:13405: result: yes
configure:13441: g++ -c -g -O2  conftest.cpp >&5
configure:13444: $? = 0
configure:13964: checking for g++ option to produce PIC
configure:13971: result: -fPIC -DPIC
configure:13979: checking if g++ PIC flag -fPIC -DPIC works
configure:13997: g++ -c -g -O2  -fPIC -DPIC -DPIC conftest.cpp >&5
configure:14001: $? = 0
configure:14014: result: yes
configure:14037: checking if g++ static flag -static works
configure:14065: result: yes
configure:14077: checking if g++ supports -c -o file.o
configure:14098: g++ -c -g -O2  -o out/conftest2.o conftest.cpp >&5
configure:14102: $? = 0
configure:14124: result: yes
configure:14129: checking if g++ supports -c -o file.o
configure:14176: result: yes
configure:14206: checking whether the g++ linker (/usr/bin/ld) supports shared libraries
configure:14245: result: yes
configure:14386: checking dynamic linker characteristics
configure:15065: result: GNU/Linux ld.so
configure:15118: checking how to hardcode library paths into programs
configure:15143: result: immediate
configure:15201: checking whether the C++ compiler (g++) is a C++ compiler
configure:15237: g++ -c -g -O2  conftest.cc >&5
configure:15237: $? = 0
configure:15239: result: yes
configure:15284: checking whether custom g++ flags work
configure:15300: g++ -c -g -O1 -Wall -Wwrite-strings -Woverloaded-virtual -pipe  conftest.cc >&5
configure:15300: $? = 0
configure:15302: result: probably
configure:15432: checking for C++ compiler version
configure:15441: g++ --version >&5
g++ (Ubuntu/Linaro 4.7.3-2ubuntu1~12.04) 4.7.3
Copyright (C) 2012 Free Software Foundation, Inc.
This is free software; see the source for copying conditions.  There is NO
warranty; not even for MERCHANTABILITY or FITNESS FOR A PARTICULAR PURPOSE.

configure:15452: $? = 0
configure:15441: g++ -v >&5
Using built-in specs.
COLLECT_GCC=g++
COLLECT_LTO_WRAPPER=/usr/lib/gcc/i686-linux-gnu/4.7/lto-wrapper
Target: i686-linux-gnu
Configured with: ../src/configure -v --with-pkgversion='Ubuntu/Linaro 4.7.3-2ubuntu1~12.04' --with-bugurl=file:///usr/share/doc/gcc-4.7/README.Bugs --enable-languages=c,c++,go,fortran,objc,obj-c++ --prefix=/usr --program-suffix=-4.7 --enable-shared --enable-linker-build-id --libexecdir=/usr/lib --without-included-gettext --enable-threads=posix --with-gxx-include-dir=/usr/include/c++/4.7 --libdir=/usr/lib --enable-nls --with-sysroot=/ --enable-clocale=gnu --enable-libstdcxx-debug --enable-libstdcxx-time=yes --enable-gnu-unique-object --enable-plugin --with-system-zlib --enable-objc-gc --enable-targets=all --enable-multiarch --disable-werror --with-arch-32=i686 --with-multilib-list=m32,m64 --with-tune=generic --enable-checking=release --build=i686-linux-gnu --host=i686-linux-gnu --target=i686-linux-gnu
Thread model: posix
gcc version 4.7.3 (Ubuntu/Linaro 4.7.3-2ubuntu1~12.04) 
configure:15452: $? = 0
configure:15441: g++ -V >&5
g++: error: unrecognized command line option '-V'
g++: fatal error: no input files
compilation terminated.
configure:15452: $? = 4
configure:15441: g++ -qversion >&5
g++: error: unrecognized command line option '-qversion'
g++: fatal error: no input files
compilation terminated.
configure:15452: $? = 4
configure:15456: checking whether we are using the GNU C++ compiler
configure:15484: result: yes
configure:15493: checking whether g++ accepts -g
configure:15554: result: yes
configure:15579: checking dependency style of g++
configure:15690: result: gcc3
configure:15753: checking for gcc
configure:15780: result: gcc
configure:16009: checking for C compiler version
configure:16018: gcc --version >&5
gcc (Ubuntu/Linaro 4.6.3-1ubuntu5) 4.6.3
Copyright (C) 2011 Free Software Foundation, Inc.
This is free software; see the source for copying conditions.  There is NO
warranty; not even for MERCHANTABILITY or FITNESS FOR A PARTICULAR PURPOSE.

configure:16029: $? = 0
configure:16018: gcc -v >&5
Using built-in specs.
COLLECT_GCC=gcc
COLLECT_LTO_WRAPPER=/usr/lib/gcc/i686-linux-gnu/4.6/lto-wrapper
Target: i686-linux-gnu
Configured with: ../src/configure -v --with-pkgversion='Ubuntu/Linaro 4.6.3-1ubuntu5' --with-bugurl=file:///usr/share/doc/gcc-4.6/README.Bugs --enable-languages=c,c++,fortran,objc,obj-c++ --prefix=/usr --program-suffix=-4.6 --enable-shared --enable-linker-build-id --with-system-zlib --libexecdir=/usr/lib --without-included-gettext --enable-threads=posix --with-gxx-include-dir=/usr/include/c++/4.6 --libdir=/usr/lib --enable-nls --with-sysroot=/ --enable-clocale=gnu --enable-libstdcxx-debug --enable-libstdcxx-time=yes --enable-gnu-unique-object --enable-plugin --enable-objc-gc --enable-targets=all --disable-werror --with-arch-32=i686 --with-tune=generic --enable-checking=release --build=i686-linux-gnu --host=i686-linux-gnu --target=i686-linux-gnu
Thread model: posix
gcc version 4.6.3 (Ubuntu/Linaro 4.6.3-1ubuntu5) 
configure:16029: $? = 0
configure:16018: gcc -V >&5
gcc: error: unrecognized option '-V'
gcc: fatal error: no input files
compilation terminated.
configure:16029: $? = 4
configure:16018: gcc -qversion >&5
gcc: error: unrecognized option '-qversion'
gcc: fatal error: no input files
compilation terminated.
configure:16029: $? = 4
configure:16033: checking whether we are using the GNU C compiler
configure:16061: result: yes
configure:16070: checking whether gcc accepts -g
configure:16131: result: yes
configure:16148: checking for gcc option to accept ISO C89
configure:16224: result: none needed
configure:16246: checking dependency style of gcc
configure:16357: result: gcc3
configure:16377: checking how to run the C preprocessor
configure:16447: result: gcc -E
configure:16467: gcc -E  conftest.c
configure:16467: $? = 0
configure:16481: gcc -E  conftest.c
conftest.c:25:28: fatal error: ac_nonexistent.h: No such file or directory
compilation terminated.
configure:16481: $? = 1
configure: failed program was:
| /* confdefs.h */
| #define PACKAGE_NAME "eCAP Adapter Sample"
| #define PACKAGE_TARNAME "ecap_adapter_sample"
| #define PACKAGE_VERSION "0.2.0"
| #define PACKAGE_STRING "eCAP Adapter Sample 0.2.0"
| #define PACKAGE_BUGREPORT ""
| #define PACKAGE_URL ""
| #define PACKAGE "ecap_adapter_sample"
| #define VERSION "0.2.0"
| #define STDC_HEADERS 1
| #define HAVE_SYS_TYPES_H 1
| #define HAVE_SYS_STAT_H 1
| #define HAVE_STDLIB_H 1
| #define HAVE_STRING_H 1
| #define HAVE_MEMORY_H 1
| #define HAVE_STRINGS_H 1
| #define HAVE_INTTYPES_H 1
| #define HAVE_STDINT_H 1
| #define HAVE_UNISTD_H 1
| #define HAVE_DLFCN_H 1
| #define LT_OBJDIR ".libs/"
| #define CONFIG_HOST_TYPE "i686-pc-linux-gnu"
| #define INSTALL_PREFIX "/usr/local"
| /* end confdefs.h.  */
| #include <ac_nonexistent.h>
configure:16510: checking whether ln -s works
configure:16514: result: yes
configure:16521: checking whether make sets $(MAKE)
configure:16543: result: yes
configure:16610: checking for pkg-config
configure:16628: found /usr/bin/pkg-config
configure:16640: result: /usr/bin/pkg-config
configure:16665: checking pkg-config is at least version 0.9.0
configure:16668: result: yes
configure:16678: checking for libecap
configure:16685: $PKG_CONFIG --exists --print-errors "libecap > 0.2 libecap < 0.3"
configure:16688: $? = 0
configure:16702: $PKG_CONFIG --exists --print-errors "libecap > 0.2 libecap < 0.3"
configure:16705: $? = 0
configure:16763: result: yes
configure:16922: creating ./config.status

## ---------------------- ##
## Running config.status. ##
## ---------------------- ##

This file was extended by eCAP Adapter Sample config.status 0.2.0, which was
generated by GNU Autoconf 2.69.  Invocation command line was

  CONFIG_FILES    = 
  CONFIG_HEADERS  = 
  CONFIG_LINKS    = 
  CONFIG_COMMANDS = 
  $ ./config.status 

on ybr-virtual-machine

config.status:1152: creating Makefile
config.status:1152: creating src/Makefile
config.status:1152: creating src/autoconf.h
config.status:1333: src/autoconf.h is unchanged
config.status:1381: executing depfiles commands
config.status:1381: executing libtool commands

## ---------------- ##
## Cache variables. ##
## ---------------- ##

ac_cv_build=i686-pc-linux-gnu
ac_cv_c_compiler_gnu=yes
ac_cv_cxx_compiler_gnu=yes
ac_cv_env_CCC_set=
ac_cv_env_CCC_value=
ac_cv_env_CC_set=
ac_cv_env_CC_value=
ac_cv_env_CFLAGS_set=
ac_cv_env_CFLAGS_value=
ac_cv_env_CPPFLAGS_set=
ac_cv_env_CPPFLAGS_value=
ac_cv_env_CPP_set=
ac_cv_env_CPP_value=
ac_cv_env_CXXCPP_set=
ac_cv_env_CXXCPP_value=
ac_cv_env_CXXFLAGS_set=
ac_cv_env_CXXFLAGS_value=
ac_cv_env_CXX_set=
ac_cv_env_CXX_value=
ac_cv_env_LDFLAGS_set=
ac_cv_env_LDFLAGS_value=
ac_cv_env_LIBS_set=
ac_cv_env_LIBS_value=
ac_cv_env_PKG_CONFIG_LIBDIR_set=
ac_cv_env_PKG_CONFIG_LIBDIR_value=
ac_cv_env_PKG_CONFIG_PATH_set=
ac_cv_env_PKG_CONFIG_PATH_value=
ac_cv_env_PKG_CONFIG_set=
ac_cv_env_PKG_CONFIG_value=
ac_cv_env_build_alias_set=
ac_cv_env_build_alias_value=
ac_cv_env_host_alias_set=
ac_cv_env_host_alias_value=
ac_cv_env_libecap_CFLAGS_set=
ac_cv_env_libecap_CFLAGS_value=
ac_cv_env_libecap_LIBS_set=
ac_cv_env_libecap_LIBS_value=
ac_cv_env_target_alias_set=
ac_cv_env_target_alias_value=
ac_cv_header_dlfcn_h=yes
ac_cv_header_inttypes_h=yes
ac_cv_header_memory_h=yes
ac_cv_header_stdc=yes
ac_cv_header_stdint_h=yes
ac_cv_header_stdlib_h=yes
ac_cv_header_string_h=yes
ac_cv_header_strings_h=yes
ac_cv_header_sys_stat_h=yes
ac_cv_header_sys_types_h=yes
ac_cv_header_unistd_h=yes
ac_cv_host=i686-pc-linux-gnu
ac_cv_objext=o
ac_cv_path_AR=/usr/bin/ar
ac_cv_path_EGREP='/bin/grep -E'
ac_cv_path_FGREP='/bin/grep -F'
ac_cv_path_GREP=/bin/grep
ac_cv_path_SED=/bin/sed
ac_cv_path_ac_pt_PKG_CONFIG=/usr/bin/pkg-config
ac_cv_path_install='/usr/bin/install -c'
ac_cv_path_mkdir=/bin/mkdir
ac_cv_prog_AWK=mawk
ac_cv_prog_CPP='gcc -E'
ac_cv_prog_CXXCPP='g++ -E'
ac_cv_prog_ac_ct_AR=ar
ac_cv_prog_ac_ct_CC=gcc
ac_cv_prog_ac_ct_CXX=g++
ac_cv_prog_ac_ct_MANIFEST_TOOL=mt
ac_cv_prog_ac_ct_OBJDUMP=objdump
ac_cv_prog_ac_ct_RANLIB=ranlib
ac_cv_prog_ac_ct_STRIP=strip
ac_cv_prog_cc_c89=
ac_cv_prog_cc_g=yes
ac_cv_prog_cxx_g=yes
ac_cv_prog_make_make_set=yes
am_cv_CC_dependencies_compiler_type=gcc3
am_cv_CXX_dependencies_compiler_type=gcc3
lt_cv_ar_at_file=@
lt_cv_archive_cmds_need_lc=no
lt_cv_deplibs_check_method=pass_all
lt_cv_file_magic_cmd='$MAGIC_CMD'
lt_cv_file_magic_test_file=
lt_cv_ld_reload_flag=-r
lt_cv_nm_interface='BSD nm'
lt_cv_objdir=.libs
lt_cv_path_LD=/usr/bin/ld
lt_cv_path_LDCXX=/usr/bin/ld
lt_cv_path_NM='/usr/bin/nm -B'
lt_cv_path_mainfest_tool=no
lt_cv_prog_compiler_c_o=yes
lt_cv_prog_compiler_c_o_CXX=yes
lt_cv_prog_compiler_pic='-fPIC -DPIC'
lt_cv_prog_compiler_pic_CXX='-fPIC -DPIC'
lt_cv_prog_compiler_pic_works=yes
lt_cv_prog_compiler_pic_works_CXX=yes
lt_cv_prog_compiler_rtti_exceptions=no
lt_cv_prog_compiler_static_works=yes
lt_cv_prog_compiler_static_works_CXX=yes
lt_cv_prog_gnu_ld=yes
lt_cv_prog_gnu_ldcxx=yes
lt_cv_sharedlib_from_linklib_cmd='printf %s\n'
lt_cv_shlibpath_overrides_runpath=no
lt_cv_sys_global_symbol_pipe='sed -n -e '\''s/^.*[	 ]\([ABCDGIRSTW][ABCDGIRSTW]*\)[	 ][	 ]*\([_A-Za-z][_A-Za-z0-9]*\)$/\1 \2 \2/p'\'' | sed '\''/ __gnu_lto/d'\'''
lt_cv_sys_global_symbol_to_c_name_address='sed -n -e '\''s/^: \([^ ]*\)[ ]*$/  {\"\1\", (void *) 0},/p'\'' -e '\''s/^[ABCDGIRSTW]* \([^ ]*\) \([^ ]*\)$/  {"\2", (void *) \&\2},/p'\'''
lt_cv_sys_global_symbol_to_c_name_address_lib_prefix='sed -n -e '\''s/^: \([^ ]*\)[ ]*$/  {\"\1\", (void *) 0},/p'\'' -e '\''s/^[ABCDGIRSTW]* \([^ ]*\) \(lib[^ ]*\)$/  {"\2", (void *) \&\2},/p'\'' -e '\''s/^[ABCDGIRSTW]* \([^ ]*\) \([^ ]*\)$/  {"lib\2", (void *) \&\2},/p'\'''
lt_cv_sys_global_symbol_to_cdecl='sed -n -e '\''s/^T .* \(.*\)$/extern int \1();/p'\'' -e '\''s/^[ABCDGIRSTW]* .* \(.*\)$/extern char \1;/p'\'''
lt_cv_sys_max_cmd_len=1572864
lt_cv_to_host_file_cmd=func_convert_file_noop
lt_cv_to_tool_file_cmd=func_convert_file_noop
pkg_cv_libecap_CFLAGS='-I/usr/local/include  '
pkg_cv_libecap_LIBS='-L/usr/local/lib -lecap  '

## ----------------- ##
## Output variables. ##
## ----------------- ##

ACLOCAL='${SHELL} /root/Documents/ecap/cfgaux/missing --run aclocal-1.11'
AMDEPBACKSLASH='\'
AMDEP_FALSE='#'
AMDEP_TRUE=''
AMTAR='$${TAR-tar}'
AR='/usr/bin/ar'
AR_R='/usr/bin/ar r'
AUTOCONF='${SHELL} /root/Documents/ecap/cfgaux/missing --run autoconf'
AUTOHEADER='${SHELL} /root/Documents/ecap/cfgaux/missing --run autoheader'
AUTOMAKE='${SHELL} /root/Documents/ecap/cfgaux/missing --run automake-1.11'
AWK='mawk'
CC='gcc'
CCDEPMODE='depmode=gcc3'
CFLAGS='-g -O2'
CPP='gcc -E'
CPPFLAGS=''
CXX='g++'
CXXCPP='g++ -E'
CXXDEPMODE='depmode=gcc3'
CXXFLAGS='-g -O1 -Wall -Wwrite-strings -Woverloaded-virtual -pipe'
CYGPATH_W='echo'
DEFS='-DHAVE_CONFIG_H'
DEPDIR='.deps'
DLLTOOL='false'
DSYMUTIL=''
DUMPBIN=''
ECHO_C=''
ECHO_N='-n'
ECHO_T=''
EGREP='/bin/grep -E'
EXEEXT=''
FGREP='/bin/grep -F'
GREP='/bin/grep'
INSTALL_DATA='${INSTALL} -m 644'
INSTALL_PROGRAM='${INSTALL}'
INSTALL_SCRIPT='${INSTALL}'
INSTALL_STRIP_PROGRAM='$(install_sh) -c -s'
LD='/usr/bin/ld'
LDFLAGS=''
LIBOBJS=''
LIBS=''
LIBTOOL='$(SHELL) $(top_builddir)/libtool'
LIPO=''
LN_S='ln -s'
LTLIBOBJS=''
MAINT='#'
MAINTAINER_MODE_FALSE=''
MAINTAINER_MODE_TRUE='#'
MAKEINFO='${SHELL} /root/Documents/ecap/cfgaux/missing --run makeinfo'
MANIFEST_TOOL=':'
MKDIR_P='/bin/mkdir -p'
NM='/usr/bin/nm -B'
NMEDIT=''
OBJDUMP='objdump'
OBJEXT='o'
OTOOL64=''
OTOOL=''
PACKAGE='ecap_adapter_sample'
PACKAGE_BUGREPORT=''
PACKAGE_NAME='eCAP Adapter Sample'
PACKAGE_STRING='eCAP Adapter Sample 0.2.0'
PACKAGE_TARNAME='ecap_adapter_sample'
PACKAGE_URL=''
PACKAGE_VERSION='0.2.0'
PATH_SEPARATOR=':'
PKG_CONFIG='/usr/bin/pkg-config'
PKG_CONFIG_LIBDIR=''
PKG_CONFIG_PATH=''
RANLIB='ranlib'
SED='/bin/sed'
SET_MAKE=''
SHELL='/bin/bash'
STRIP='strip'
VERSION='0.2.0'
ac_ct_AR='ar'
ac_ct_CC='gcc'
ac_ct_CXX='g++'
ac_ct_DUMPBIN=''
am__EXEEXT_FALSE=''
am__EXEEXT_TRUE='#'
am__fastdepCC_FALSE='#'
am__fastdepCC_TRUE=''
am__fastdepCXX_FALSE='#'
am__fastdepCXX_TRUE=''
am__include='include'
am__isrc=''
am__leading_dot='.'
am__nodep='_no'
am__quote=''
am__tar='$${TAR-tar} chof - "$$tardir"'
am__untar='$${TAR-tar} xf -'
bindir='${exec_prefix}/bin'
build='i686-pc-linux-gnu'
build_alias=''
build_cpu='i686'
build_os='linux-gnu'
build_vendor='pc'
datadir='${datarootdir}'
datarootdir='${prefix}/share'
docdir='${datarootdir}/doc/${PACKAGE_TARNAME}'
dvidir='${docdir}'
exec_prefix='${prefix}'
host='i686-pc-linux-gnu'
host_alias=''
host_cpu='i686'
host_os='linux-gnu'
host_vendor='pc'
htmldir='${docdir}'
includedir='${prefix}/include'
infodir='${datarootdir}/info'
install_sh='${SHELL} /root/Documents/ecap/cfgaux/install-sh'
libdir='${exec_prefix}/lib'
libecap_CFLAGS='-I/usr/local/include  '
libecap_LIBS='-L/usr/local/lib -lecap  '
libexecdir='${exec_prefix}/libexec'
localedir='${datarootdir}/locale'
localstatedir='${prefix}/var'
mandir='${datarootdir}/man'
mkdir_p='/bin/mkdir -p'
oldincludedir='/usr/include'
pdfdir='${docdir}'
prefix='/usr/local'
program_transform_name='s,x,x,'
psdir='${docdir}'
sbindir='${exec_prefix}/sbin'
sharedstatedir='${prefix}/com'
std_include=''
sysconfdir='${prefix}/etc'
target_alias=''

## ----------- ##
## confdefs.h. ##
## ----------- ##

/* confdefs.h */
#define PACKAGE_NAME "eCAP Adapter Sample"
#define PACKAGE_TARNAME "ecap_adapter_sample"
#define PACKAGE_VERSION "0.2.0"
#define PACKAGE_STRING "eCAP Adapter Sample 0.2.0"
#define PACKAGE_BUGREPORT ""
#define PACKAGE_URL ""
#define PACKAGE "ecap_adapter_sample"
#define VERSION "0.2.0"
#define STDC_HEADERS 1
#define HAVE_SYS_TYPES_H 1
#define HAVE_SYS_STAT_H 1
#define HAVE_STDLIB_H 1
#define HAVE_STRING_H 1
#define HAVE_MEMORY_H 1
#define HAVE_STRINGS_H 1
#define HAVE_INTTYPES_H 1
#define HAVE_STDINT_H 1
#define HAVE_UNISTD_H 1
#define HAVE_DLFCN_H 1
#define LT_OBJDIR ".libs/"
#define CONFIG_HOST_TYPE "i686-pc-linux-gnu"
#define INSTALL_PREFIX "/usr/local"

configure: exit 0
